<?xml version="1.0" encoding="UTF-8"?>
<testsuite name="com.kygi.kakaoTask3.KakaoTask3ApplicationTests" tests="1" skipped="0" failures="0" errors="0" timestamp="2020-10-19T13:35:55" hostname="amm2.cnm7103.co.kr" time="0.131">
  <properties/>
  <testcase name="contextLoads()" classname="com.kygi.kakaoTask3.KakaoTask3ApplicationTests" time="0.131"/>
  <system-out><![CDATA[22:35:51.414 [Test worker] DEBUG org.springframework.test.context.BootstrapUtils - Instantiating CacheAwareContextLoaderDelegate from class [org.springframework.test.context.cache.DefaultCacheAwareContextLoaderDelegate]
22:35:51.428 [Test worker] DEBUG org.springframework.test.context.BootstrapUtils - Instantiating BootstrapContext using constructor [public org.springframework.test.context.support.DefaultBootstrapContext(java.lang.Class,org.springframework.test.context.CacheAwareContextLoaderDelegate)]
22:35:51.460 [Test worker] DEBUG org.springframework.test.context.BootstrapUtils - Instantiating TestContextBootstrapper for test class [com.kygi.kakaoTask3.KakaoTask3ApplicationTests] from class [org.springframework.boot.test.context.SpringBootTestContextBootstrapper]
22:35:51.473 [Test worker] INFO org.springframework.boot.test.context.SpringBootTestContextBootstrapper - Neither @ContextConfiguration nor @ContextHierarchy found for test class [com.kygi.kakaoTask3.KakaoTask3ApplicationTests], using SpringBootContextLoader
22:35:51.476 [Test worker] DEBUG org.springframework.test.context.support.AbstractContextLoader - Did not detect default resource location for test class [com.kygi.kakaoTask3.KakaoTask3ApplicationTests]: class path resource [com/kygi/kakaoTask3/KakaoTask3ApplicationTests-context.xml] does not exist
22:35:51.476 [Test worker] DEBUG org.springframework.test.context.support.AbstractContextLoader - Did not detect default resource location for test class [com.kygi.kakaoTask3.KakaoTask3ApplicationTests]: class path resource [com/kygi/kakaoTask3/KakaoTask3ApplicationTestsContext.groovy] does not exist
22:35:51.477 [Test worker] INFO org.springframework.test.context.support.AbstractContextLoader - Could not detect default resource locations for test class [com.kygi.kakaoTask3.KakaoTask3ApplicationTests]: no resource found for suffixes {-context.xml, Context.groovy}.
22:35:51.477 [Test worker] INFO org.springframework.test.context.support.AnnotationConfigContextLoaderUtils - Could not detect default configuration classes for test class [com.kygi.kakaoTask3.KakaoTask3ApplicationTests]: KakaoTask3ApplicationTests does not declare any static, non-private, non-final, nested classes annotated with @Configuration.
22:35:51.506 [Test worker] DEBUG org.springframework.test.context.support.ActiveProfilesUtils - Could not find an 'annotation declaring class' for annotation type [org.springframework.test.context.ActiveProfiles] and class [com.kygi.kakaoTask3.KakaoTask3ApplicationTests]
22:35:51.555 [Test worker] DEBUG org.springframework.context.annotation.ClassPathScanningCandidateComponentProvider - Identified candidate component class: file [/Users/yeongjunkim/Downloads/kakaoTask3/build/classes/java/main/com/kygi/kakaoTask3/KakaoTask3Application.class]
22:35:51.556 [Test worker] INFO org.springframework.boot.test.context.SpringBootTestContextBootstrapper - Found @SpringBootConfiguration com.kygi.kakaoTask3.KakaoTask3Application for test class com.kygi.kakaoTask3.KakaoTask3ApplicationTests
22:35:51.632 [Test worker] DEBUG org.springframework.boot.test.context.SpringBootTestContextBootstrapper - @TestExecutionListeners is not present for class [com.kygi.kakaoTask3.KakaoTask3ApplicationTests]: using defaults.
22:35:51.632 [Test worker] INFO org.springframework.boot.test.context.SpringBootTestContextBootstrapper - Loaded default TestExecutionListener class names from location [META-INF/spring.factories]: [org.springframework.boot.test.autoconfigure.restdocs.RestDocsTestExecutionListener, org.springframework.boot.test.autoconfigure.web.client.MockRestServiceServerResetTestExecutionListener, org.springframework.boot.test.autoconfigure.web.servlet.MockMvcPrintOnlyOnFailureTestExecutionListener, org.springframework.boot.test.autoconfigure.web.servlet.WebDriverTestExecutionListener, org.springframework.boot.test.autoconfigure.webservices.client.MockWebServiceServerTestExecutionListener, org.springframework.boot.test.mock.mockito.MockitoTestExecutionListener, org.springframework.boot.test.mock.mockito.ResetMocksTestExecutionListener, org.springframework.test.context.web.ServletTestExecutionListener, org.springframework.test.context.support.DirtiesContextBeforeModesTestExecutionListener, org.springframework.test.context.support.DependencyInjectionTestExecutionListener, org.springframework.test.context.support.DirtiesContextTestExecutionListener, org.springframework.test.context.transaction.TransactionalTestExecutionListener, org.springframework.test.context.jdbc.SqlScriptsTestExecutionListener, org.springframework.test.context.event.EventPublishingTestExecutionListener]
22:35:51.646 [Test worker] INFO org.springframework.boot.test.context.SpringBootTestContextBootstrapper - Using TestExecutionListeners: [org.springframework.test.context.web.ServletTestExecutionListener@5bd2d5f3, org.springframework.test.context.support.DirtiesContextBeforeModesTestExecutionListener@278c320e, org.springframework.boot.test.mock.mockito.MockitoTestExecutionListener@225509a6, org.springframework.boot.test.autoconfigure.SpringBootDependencyInjectionTestExecutionListener@3f3c15a, org.springframework.test.context.support.DirtiesContextTestExecutionListener@4ec3f19a, org.springframework.test.context.transaction.TransactionalTestExecutionListener@899a60e, org.springframework.test.context.jdbc.SqlScriptsTestExecutionListener@28b8682, org.springframework.test.context.event.EventPublishingTestExecutionListener@1fef6e98, org.springframework.boot.test.autoconfigure.restdocs.RestDocsTestExecutionListener@4ef113de, org.springframework.boot.test.autoconfigure.web.client.MockRestServiceServerResetTestExecutionListener@b9d75d8, org.springframework.boot.test.autoconfigure.web.servlet.MockMvcPrintOnlyOnFailureTestExecutionListener@557c5dbf, org.springframework.boot.test.autoconfigure.web.servlet.WebDriverTestExecutionListener@31036226, org.springframework.boot.test.autoconfigure.webservices.client.MockWebServiceServerTestExecutionListener@772af83b, org.springframework.boot.test.mock.mockito.ResetMocksTestExecutionListener@17f960b3]
22:35:51.650 [Test worker] DEBUG org.springframework.test.context.support.AbstractDirtiesContextTestExecutionListener - Before test class: context [DefaultTestContext@71faf7f8 testClass = KakaoTask3ApplicationTests, testInstance = [null], testMethod = [null], testException = [null], mergedContextConfiguration = [WebMergedContextConfiguration@12f7637e testClass = KakaoTask3ApplicationTests, locations = '{}', classes = '{class com.kygi.kakaoTask3.KakaoTask3Application}', contextInitializerClasses = '[]', activeProfiles = '{}', propertySourceLocations = '{}', propertySourceProperties = '{org.springframework.boot.test.context.SpringBootTestContextBootstrapper=true}', contextCustomizers = set[org.springframework.boot.test.autoconfigure.properties.PropertyMappingContextCustomizer@0, org.springframework.boot.test.autoconfigure.web.servlet.WebDriverContextCustomizerFactory$Customizer@5e8330e4, org.springframework.boot.test.context.filter.ExcludeFilterContextCustomizer@61c7f766, org.springframework.boot.test.json.DuplicateJsonObjectContextCustomizerFactory$DuplicateJsonObjectContextCustomizer@15763ad7, org.springframework.boot.test.mock.mockito.MockitoContextCustomizer@0, org.springframework.boot.test.web.client.TestRestTemplateContextCustomizer@5b6e61f7, org.springframework.boot.test.web.reactive.server.WebTestClientContextCustomizer@7165e591, org.springframework.boot.test.context.SpringBootTestArgs@1], resourceBasePath = 'src/main/webapp', contextLoader = 'org.springframework.boot.test.context.SpringBootContextLoader', parent = [null]], attributes = map['org.springframework.test.context.web.ServletTestExecutionListener.activateListener' -> true]], class annotated with @DirtiesContext [false] with mode [null].
22:35:51.674 [Test worker] DEBUG org.springframework.test.context.support.TestPropertySourceUtils - Adding inlined properties to environment: {spring.jmx.enabled=false, org.springframework.boot.test.context.SpringBootTestContextBootstrapper=true}

  .   ____          _            __ _ _
 /\\ / ___'_ __ _ _(_)_ __  __ _ \ \ \ \
( ( )\___ | '_ | '_| | '_ \/ _` | \ \ \ \
 \\/  ___)| |_)| | | | | || (_| |  ) ) ) )
  '  |____| .__|_| |_|_| |_\__, | / / / /
 =========|_|==============|___/=/_/_/_/
 :: Spring Boot ::        (v2.3.4.RELEASE)

2020-10-19 22:35:51.865  INFO 6846 --- [    Test worker] c.k.k.KakaoTask3ApplicationTests         : Starting KakaoTask3ApplicationTests on amm2.cnm7103.co.kr with PID 6846 (started by yeongjunkim in /Users/yeongjunkim/Downloads/kakaoTask3)
2020-10-19 22:35:51.867  INFO 6846 --- [    Test worker] c.k.k.KakaoTask3ApplicationTests         : No active profile set, falling back to default profiles: default
2020-10-19 22:35:52.586  INFO 6846 --- [    Test worker] .s.d.r.c.RepositoryConfigurationDelegate : Bootstrapping Spring Data JPA repositories in DEFERRED mode.
2020-10-19 22:35:52.757  INFO 6846 --- [    Test worker] .s.d.r.c.RepositoryConfigurationDelegate : Finished Spring Data repository scanning in 164ms. Found 1 JPA repository interfaces.
2020-10-19 22:35:53.274  INFO 6846 --- [    Test worker] o.s.s.concurrent.ThreadPoolTaskExecutor  : Initializing ExecutorService 'applicationTaskExecutor'
2020-10-19 22:35:53.325  INFO 6846 --- [         task-1] o.hibernate.jpa.internal.util.LogHelper  : HHH000204: Processing PersistenceUnitInfo [name: default]
2020-10-19 22:35:53.367  INFO 6846 --- [         task-1] org.hibernate.Version                    : HHH000412: Hibernate ORM core version 5.4.21.Final
2020-10-19 22:35:53.476  INFO 6846 --- [         task-1] o.hibernate.annotations.common.Version   : HCANN000001: Hibernate Commons Annotations {5.1.0.Final}
2020-10-19 22:35:53.564  INFO 6846 --- [         task-1] com.zaxxer.hikari.HikariDataSource       : HikariPool-1 - Starting...
2020-10-19 22:35:53.732  INFO 6846 --- [         task-1] com.zaxxer.hikari.HikariDataSource       : HikariPool-1 - Start completed.
2020-10-19 22:35:53.756  INFO 6846 --- [         task-1] org.hibernate.dialect.Dialect            : HHH000400: Using dialect: org.hibernate.dialect.H2Dialect
2020-10-19 22:35:54.075  INFO 6846 --- [         task-1] org.hibernate.tuple.PojoInstantiator     : HHH000182: No default (no-argument) constructor for class: com.kygi.kakaoTask3.model.Receiver (class must be instantiated by Interceptor)
2020-10-19 22:35:54.399  INFO 6846 --- [         task-1] o.h.e.t.j.p.i.JtaPlatformInitiator       : HHH000490: Using JtaPlatform implementation: [org.hibernate.engine.transaction.jta.platform.internal.NoJtaPlatform]
2020-10-19 22:35:54.407  INFO 6846 --- [         task-1] j.LocalContainerEntityManagerFactoryBean : Initialized JPA EntityManagerFactory for persistence unit 'default'
2020-10-19 22:35:54.680  WARN 6846 --- [    Test worker] JpaBaseConfiguration$JpaWebConfiguration : spring.jpa.open-in-view is enabled by default. Therefore, database queries may be performed during view rendering. Explicitly configure spring.jpa.open-in-view to disable this warning
2020-10-19 22:35:55.440  INFO 6846 --- [    Test worker] o.s.b.a.e.web.EndpointLinksResolver      : Exposing 2 endpoint(s) beneath base path '/actuator'
2020-10-19 22:35:55.476  INFO 6846 --- [    Test worker] DeferredRepositoryInitializationListener : Triggering deferred initialization of Spring Data repositories…
2020-10-19 22:35:55.768  INFO 6846 --- [    Test worker] DeferredRepositoryInitializationListener : Spring Data repositories initialized!
2020-10-19 22:35:55.782  INFO 6846 --- [    Test worker] c.k.k.KakaoTask3ApplicationTests         : Started KakaoTask3ApplicationTests in 4.1 seconds (JVM running for 4.955)
]]></system-out>
  <system-err><![CDATA[]]></system-err>
</testsuite>
